<?xml version="1.0" encoding="UTF-8"?>
<testng-results ignored="0" total="1" passed="1" failed="0" skipped="0">
  <reporter-output>
  </reporter-output>
  <suite started-at="2025-01-09T23:51:57 EST" name="Suite" finished-at="2025-01-09T23:52:09 EST" duration-ms="12522">
    <groups>
    </groups>
    <test started-at="2025-01-09T23:51:57 EST" name="Test" finished-at="2025-01-09T23:52:09 EST" duration-ms="12522">
      <class name="chtagPT.testChat">
        <test-method signature="test1()[pri:0, instance:chtagPT.testChat@120d6fe6]" started-at="2025-01-09T23:51:57 EST" name="test1" finished-at="2025-01-09T23:52:09 EST" duration-ms="12488" status="PASS">
          <reporter-output>
          </reporter-output>
        </test-method> <!-- test1 -->
      </class> <!-- chtagPT.testChat -->
    </test> <!-- Test -->
  </suite> <!-- Suite -->
</testng-results>
