<?xml version="1.0" encoding="UTF-8"?>
<testng-results ignored="0" total="1" passed="1" failed="0" skipped="0">
  <reporter-output>
  </reporter-output>
  <suite started-at="2025-01-09T22:56:47 EST" name="Default suite" finished-at="2025-01-09T22:56:57 EST" duration-ms="9458">
    <groups>
    </groups>
    <test started-at="2025-01-09T22:56:47 EST" name="Default test" finished-at="2025-01-09T22:56:57 EST" duration-ms="9458">
      <class name="chtagPT.testChat">
        <test-method signature="test1()[pri:0, instance:chtagPT.testChat@2b48a640]" started-at="2025-01-09T22:56:47 EST" name="test1" finished-at="2025-01-09T22:56:57 EST" duration-ms="9416" status="PASS">
          <reporter-output>
          </reporter-output>
        </test-method> <!-- test1 -->
      </class> <!-- chtagPT.testChat -->
    </test> <!-- Default test -->
  </suite> <!-- Default suite -->
</testng-results>
